Using pre-set license
Built from '2020.3/staging' branch; Version is '2020.3.26f1 (7298b473bc1a) revision 7510196'; Using compiler version '192528614'; Build Type 'Release'
OS: 'Windows 10  (10.0.19043) 64bit Core' Language: 'en' Physical Memory: 16267 MB
BatchMode: 1, IsHumanControllingUs: 0, StartBugReporterOnCrash: 0, Is64bit: 1, IsPro: 0

COMMAND LINE ARGUMENTS:
C:\Program Files\Unity\Hub\Editor\2020.3.26f1\Editor\Unity.exe
-adb2
-batchMode
-noUpm
-name
AssetImportWorker7
-projectPath
C:/Users/J-P/Documents/projet-final-VR
-logFile
Logs/AssetImportWorker7.log
-srvPort
64911
Successfully changed project path to: C:/Users/J-P/Documents/projet-final-VR
C:/Users/J-P/Documents/projet-final-VR
Using Asset Import Pipeline V2.
Refreshing native plugins compatible for Editor in 551.07 ms, found 10 plugins.
Preloading 1 native plugins for Editor in 10.41 ms.
Initialize engine version: 2020.3.26f1 (7298b473bc1a)
[Subsystems] Discovering subsystems at path C:/Program Files/Unity/Hub/Editor/2020.3.26f1/Editor/Data/Resources/UnitySubsystems
[Subsystems] Discovering subsystems at path C:/Users/J-P/Documents/projet-final-VR/Assets
GfxDevice: creating device client; threaded=0
Direct3D:
    Version:  Direct3D 11.0 [level 11.1]
    Renderer: NVIDIA GeForce GTX 1050 (ID=0x1c8d)
    Vendor:   
    VRAM:     4021 MB
    Driver:   24.21.13.9924
Initialize mono
Mono path[0] = 'C:/Program Files/Unity/Hub/Editor/2020.3.26f1/Editor/Data/Managed'
Mono path[1] = 'C:/Program Files/Unity/Hub/Editor/2020.3.26f1/Editor/Data/MonoBleedingEdge/lib/mono/unityjit'
Mono config path = 'C:/Program Files/Unity/Hub/Editor/2020.3.26f1/Editor/Data/MonoBleedingEdge/etc'
Using monoOptions --debugger-agent=transport=dt_socket,embedding=1,server=y,suspend=n,address=127.0.0.1:56888
Begin MonoManager ReloadAssembly
Registering precompiled unity dll's ...
Register platform support module: C:/Program Files/Unity/Hub/Editor/2020.3.26f1/Editor/Data/PlaybackEngines/WebGLSupport/UnityEditor.WebGL.Extensions.dll
Register platform support module: C:/Program Files/Unity/Hub/Editor/2020.3.26f1/Editor/Data/PlaybackEngines/WindowsStandaloneSupport/UnityEditor.WindowsStandalone.Extensions.dll
Registered in 0.004906 seconds.
Native extension for WindowsStandalone target not found
Native extension for WebGL target not found
Refreshing native plugins compatible for Editor in 76.06 ms, found 10 plugins.
Preloading 1 native plugins for Editor in 0.16 ms.
Mono: successfully reloaded assembly
- Completed reload, in  0.793 seconds
Domain Reload Profiling:
	ReloadAssembly (794ms)
		BeginReloadAssembly (79ms)
			ExecutionOrderSort (0ms)
			DisableScriptedObjects (0ms)
			BackupInstance (0ms)
			ReleaseScriptingObjects (0ms)
			CreateAndSetChildDomain (1ms)
		EndReloadAssembly (613ms)
			LoadAssemblies (75ms)
			RebuildTransferFunctionScriptingTraits (0ms)
			SetupTypeCache (205ms)
			ReleaseScriptCaches (0ms)
			RebuildScriptCaches (35ms)
			SetupLoadedEditorAssemblies (235ms)
				LogAssemblyErrors (0ms)
				InitializePlatformSupportModulesInManaged (6ms)
				SetLoadedEditorAssemblies (0ms)
				RefreshPlugins (76ms)
				BeforeProcessingInitializeOnLoad (23ms)
				ProcessInitializeOnLoadAttributes (96ms)
				ProcessInitializeOnLoadMethodAttributes (34ms)
				AfterProcessingInitializeOnLoad (0ms)
				EditorAssembliesLoaded (0ms)
			ExecutionOrderSort2 (0ms)
			AwakeInstancesAfterBackupRestoration (0ms)
Platform modules already initialized, skipping
Registering precompiled user dll's ...
Registered in 0.016248 seconds.
Begin MonoManager ReloadAssembly
Native extension for WindowsStandalone target not found
Native extension for WebGL target not found
Refreshing native plugins compatible for Editor in 94.33 ms, found 10 plugins.
Preloading 1 native plugins for Editor in 0.26 ms.
[XR] OculusXRPlugin: registering subsystems
[XR] Unable to register display lifecyle provider: [1]
[XR] Oculus Input lifecycle provider registered.
[XR] Unable to register input lifecyle provider: [1]
System.Reflection.TargetInvocationException: Exception has been thrown by the target of an invocation. ---> System.NullReferenceException: Object reference not set to an instance of an object
  at Unity.XR.Oculus.OculusLoader.AssetPathToAbsolutePath (System.String assetPath) [0x00048] in C:\Users\J-P\Documents\projet-final-VR\Library\PackageCache\com.unity.xr.oculus@1.11.2\Runtime\OculusLoader.cs:250 
  at Unity.XR.Oculus.OculusLoader.EditorLoadOVRPlugin () [0x0007b] in C:\Users\J-P\Documents\projet-final-VR\Library\PackageCache\com.unity.xr.oculus@1.11.2\Runtime\OculusLoader.cs:235 
  at (wrapper managed-to-native) System.Reflection.MonoMethod.InternalInvoke(System.Reflection.MonoMethod,object,object[],System.Exception&)
  at System.Reflection.MonoMethod.Invoke (System.Object obj, System.Reflection.BindingFlags invokeAttr, System.Reflection.Binder binder, System.Object[] parameters, System.Globalization.CultureInfo culture) [0x00032] in <695d1cc93cca45069c528c15c9fdd749>:0 
   --- End of inner exception stack trace ---
  at System.Reflection.MonoMethod.Invoke (System.Object obj, System.Reflection.BindingFlags invokeAttr, System.Reflection.Binder binder, System.Object[] parameters, System.Globalization.CultureInfo culture) [0x00048] in <695d1cc93cca45069c528c15c9fdd749>:0 
  at System.Reflection.MethodBase.Invoke (System.Object obj, System.Object[] parameters) [0x00000] in <695d1cc93cca45069c528c15c9fdd749>:0 
  at UnityEditor.EditorAssemblies.ProcessInitializeOnLoadMethodAttributes () [0x00047] in <55729f52d042492e9efc384182ae2feb>:0 
UnityEngine.StackTraceUtility:ExtractStackTrace ()
UnityEngine.DebugLogHandler:LogFormat (UnityEngine.LogType,UnityEngine.Object,string,object[])
UnityEngine.Logger:Log (UnityEngine.LogType,object)
UnityEngine.Debug:LogError (object)
UnityEditor.EditorAssemblies:ProcessInitializeOnLoadMethodAttributes ()

Mono: successfully reloaded assembly
- Completed reload, in  2.554 seconds
Domain Reload Profiling:
	ReloadAssembly (2562ms)
		BeginReloadAssembly (185ms)
			ExecutionOrderSort (0ms)
			DisableScriptedObjects (6ms)
			BackupInstance (0ms)
			ReleaseScriptingObjects (0ms)
			CreateAndSetChildDomain (21ms)
		EndReloadAssembly (2274ms)
			LoadAssemblies (135ms)
			RebuildTransferFunctionScriptingTraits (0ms)
			SetupTypeCache (452ms)
			ReleaseScriptCaches (1ms)
			RebuildScriptCaches (100ms)
			SetupLoadedEditorAssemblies (1335ms)
				LogAssemblyErrors (0ms)
				InitializePlatformSupportModulesInManaged (6ms)
				SetLoadedEditorAssemblies (0ms)
				RefreshPlugins (95ms)
				BeforeProcessingInitializeOnLoad (217ms)
				ProcessInitializeOnLoadAttributes (933ms)
				ProcessInitializeOnLoadMethodAttributes (57ms)
				AfterProcessingInitializeOnLoad (26ms)
				EditorAssembliesLoaded (1ms)
			ExecutionOrderSort2 (0ms)
			AwakeInstancesAfterBackupRestoration (12ms)
Platform modules already initialized, skipping
========================================================================
Worker process is ready to serve import requests
Launched and connected shader compiler UnityShaderCompiler.exe after 0.18 seconds
Refreshing native plugins compatible for Editor in 0.87 ms, found 10 plugins.
Preloading 1 native plugins for Editor in 0.12 ms.
Unloading 2349 Unused Serialized files (Serialized files now loaded: 0)
System memory in use before: 109.6 MB.
System memory in use after: 109.8 MB.

Unloading 41 unused Assets to reduce memory usage. Loaded Objects now: 2781.
Total: 3.945300 ms (FindLiveObjects: 0.259400 ms CreateObjectMapping: 0.193000 ms MarkObjects: 3.252200 ms  DeleteObjects: 0.239600 ms)

AssetImportParameters requested are different than current active one (requested -> active):
  custom:framework-win-MediaFoundation: 216162199b28c13a410421893ffa2e32 -> 
  custom:video-decoder-ogg-theora: a1e56fd34408186e4bbccfd4996cb3dc -> 
  custom:container-muxer-webm: aa71ff27fc2769a1b78a27578f13a17b -> 
  custom:container-demuxer-webm: 4f35f7cbe854078d1ac9338744f61a02 -> 
  custom:container-demuxer-ogg: 62fdf1f143b41e24485cea50d1cbac27 -> 
  custom:video-encoder-webm-vp8: eb34c28f22e8b96e1ab97ce403110664 -> 
  custom:video-decoder-webm-vp8: 9c59270c3fd7afecdb556c50c9e8de78 -> 
  custom:audio-decoder-ogg-vorbis: bf7c407c2cedff20999df2af8eb42d56 -> 
  custom:audio-encoder-webm-vorbis: bf7c407c2cedff20999df2af8eb42d56 -> 
========================================================================
Received Import Request.
  path: Assets/Animation/zombie neck bite.fbx
  artifactKey: Guid(efc80fdb9d3a12a489ae3b6806bdae98) Importer(815301076,1909f56bfc062723c751e8b465ee728b)
Start importing Assets/Animation/zombie neck bite.fbx using Guid(efc80fdb9d3a12a489ae3b6806bdae98) Importer(815301076,1909f56bfc062723c751e8b465ee728b)  -> (artifact id: 'aad8112287445d49a0529d6a6d2d30f7') in 0.140267 seconds 
  Import took 0.145875 seconds .

========================================================================
Received Import Request.
  Time since last request: 0.000347 seconds.
  path: Assets/Animation/zombie crawl.fbx
  artifactKey: Guid(be4c048a3b16de54d8adab024b0e5708) Importer(815301076,1909f56bfc062723c751e8b465ee728b)
Start importing Assets/Animation/zombie crawl.fbx using Guid(be4c048a3b16de54d8adab024b0e5708) Importer(815301076,1909f56bfc062723c751e8b465ee728b)  -> (artifact id: '02d4b6bbee9cdd98cea7d6874e753af1') in 0.034278 seconds 
  Import took 0.039539 seconds .

========================================================================
Received Import Request.
  Time since last request: 0.000296 seconds.
  path: Assets/Animation/zombie death.fbx
  artifactKey: Guid(ed751fe64ed857c4e8308eaeb038b8f2) Importer(815301076,1909f56bfc062723c751e8b465ee728b)
Start importing Assets/Animation/zombie death.fbx using Guid(ed751fe64ed857c4e8308eaeb038b8f2) Importer(815301076,1909f56bfc062723c751e8b465ee728b)  -> (artifact id: '201fd614ac86f93b345e56180dd172b1') in 0.029481 seconds 
  Import took 0.034472 seconds .

========================================================================
Received Import Request.
  Time since last request: 0.000381 seconds.
  path: Assets/Animation/zombie scream.fbx
  artifactKey: Guid(b9c2877af9f452944923ef91b23f78a9) Importer(815301076,1909f56bfc062723c751e8b465ee728b)
Start importing Assets/Animation/zombie scream.fbx using Guid(b9c2877af9f452944923ef91b23f78a9) Importer(815301076,1909f56bfc062723c751e8b465ee728b)  -> (artifact id: '2366e41b90ca716b71fab09436164b36') in 0.026384 seconds 
  Import took 0.032155 seconds .

========================================================================
Received Import Request.
  Time since last request: 0.000321 seconds.
  path: Assets/Animation/zombie walk.fbx
  artifactKey: Guid(23e4a5829270c3c438abe8dbdd254afa) Importer(815301076,1909f56bfc062723c751e8b465ee728b)
Start importing Assets/Animation/zombie walk.fbx using Guid(23e4a5829270c3c438abe8dbdd254afa) Importer(815301076,1909f56bfc062723c751e8b465ee728b)  -> (artifact id: '85beaa702f444055b5ac554b7613babe') in 0.021823 seconds 
  Import took 0.026491 seconds .

========================================================================
Received Import Request.
  Time since last request: 0.000341 seconds.
  path: Assets/Animation/zombie idle.fbx
  artifactKey: Guid(b57e30801d900974a98a2797e2544d6f) Importer(815301076,1909f56bfc062723c751e8b465ee728b)
Start importing Assets/Animation/zombie idle.fbx using Guid(b57e30801d900974a98a2797e2544d6f) Importer(815301076,1909f56bfc062723c751e8b465ee728b)  -> (artifact id: '25f3b77438ee497a43486af940551c92') in 0.025761 seconds 
  Import took 0.031993 seconds .

========================================================================
Received Import Request.
  Time since last request: 0.000555 seconds.
  path: Assets/Animation/running crawl.fbx
  artifactKey: Guid(5519ae86bf148af4cb0df675e48ef9f7) Importer(815301076,1909f56bfc062723c751e8b465ee728b)
Start importing Assets/Animation/running crawl.fbx using Guid(5519ae86bf148af4cb0df675e48ef9f7) Importer(815301076,1909f56bfc062723c751e8b465ee728b)  -> (artifact id: '10879540fde4465cc052c7ed75d9a0d8') in 0.026952 seconds 
  Import took 0.033550 seconds .

========================================================================
Received Import Request.
  Time since last request: 0.000339 seconds.
  path: Assets/Animation/Walking.fbx
  artifactKey: Guid(5385bdb3cae8b0548af2560f72b4de00) Importer(815301076,1909f56bfc062723c751e8b465ee728b)
Start importing Assets/Animation/Walking.fbx using Guid(5385bdb3cae8b0548af2560f72b4de00) Importer(815301076,1909f56bfc062723c751e8b465ee728b)  -> (artifact id: '807b5bb1aabf94512a3f39c508794b9f') in 0.164819 seconds 
  Import took 0.170775 seconds .

========================================================================
Received Import Request.
  Time since last request: 0.000371 seconds.
  path: Assets/Animation/zombie biting.fbx
  artifactKey: Guid(9a564071c4bb62d45a23368e8b4e330a) Importer(815301076,1909f56bfc062723c751e8b465ee728b)
Start importing Assets/Animation/zombie biting.fbx using Guid(9a564071c4bb62d45a23368e8b4e330a) Importer(815301076,1909f56bfc062723c751e8b465ee728b)  -> (artifact id: '69d4c379b26275be9668b69a971b4b0e') in 0.030231 seconds 
  Import took 0.034889 seconds .

========================================================================
Received Import Request.
  Time since last request: 0.000408 seconds.
  path: Assets/Animation/zombie run.fbx
  artifactKey: Guid(cb6d7323863ef6841923e9bd98ffe4aa) Importer(815301076,1909f56bfc062723c751e8b465ee728b)
Start importing Assets/Animation/zombie run.fbx using Guid(cb6d7323863ef6841923e9bd98ffe4aa) Importer(815301076,1909f56bfc062723c751e8b465ee728b)  -> (artifact id: '936f63317285b591661fb7c7b639c698') in 0.025024 seconds 
  Import took 0.029618 seconds .

========================================================================
Received Import Request.
  Time since last request: 0.000400 seconds.
  path: Assets/Animation/zombie attack.fbx
  artifactKey: Guid(e5681315a9417c349beb8681d87a0d07) Importer(815301076,1909f56bfc062723c751e8b465ee728b)
Start importing Assets/Animation/zombie attack.fbx using Guid(e5681315a9417c349beb8681d87a0d07) Importer(815301076,1909f56bfc062723c751e8b465ee728b)  -> (artifact id: 'c6af492cc5ae24a620792f0a4378d199') in 0.029719 seconds 
  Import took 0.036700 seconds .

========================================================================
Received Import Request.
  Time since last request: 0.000456 seconds.
  path: Assets/Animation/zombie biting (2).fbx
  artifactKey: Guid(5371a01ba19ec6b41b486b48e0d79e4e) Importer(815301076,1909f56bfc062723c751e8b465ee728b)
Start importing Assets/Animation/zombie biting (2).fbx using Guid(5371a01ba19ec6b41b486b48e0d79e4e) Importer(815301076,1909f56bfc062723c751e8b465ee728b)  -> (artifact id: 'b8bf7d08802439f444bdc3a171ce049c') in 0.040060 seconds 
  Import took 0.045512 seconds .

========================================================================
Received Import Request.
  Time since last request: 0.000359 seconds.
  path: Assets/Animation/zombie dying.fbx
  artifactKey: Guid(11222fb674be9b84fa53788b99afde62) Importer(815301076,1909f56bfc062723c751e8b465ee728b)
Start importing Assets/Animation/zombie dying.fbx using Guid(11222fb674be9b84fa53788b99afde62) Importer(815301076,1909f56bfc062723c751e8b465ee728b)  -> (artifact id: '611ac8f2bd3000cfa7b766581d36a562') in 0.027470 seconds 
  Import took 0.033483 seconds .

========================================================================
Received Prepare
Registering precompiled user dll's ...
Registered in 0.027949 seconds.
Begin MonoManager ReloadAssembly
Native extension for WindowsStandalone target not found
Native extension for WebGL target not found
Refreshing native plugins compatible for Editor in 2.08 ms, found 10 plugins.
Preloading 1 native plugins for Editor in 0.49 ms.
System.Reflection.TargetInvocationException: Exception has been thrown by the target of an invocation. ---> System.NullReferenceException: Object reference not set to an instance of an object
  at Unity.XR.Oculus.OculusLoader.AssetPathToAbsolutePath (System.String assetPath) [0x00048] in C:\Users\J-P\Documents\projet-final-VR\Library\PackageCache\com.unity.xr.oculus@1.11.2\Runtime\OculusLoader.cs:250 
  at Unity.XR.Oculus.OculusLoader.EditorLoadOVRPlugin () [0x0007b] in C:\Users\J-P\Documents\projet-final-VR\Library\PackageCache\com.unity.xr.oculus@1.11.2\Runtime\OculusLoader.cs:235 
  at (wrapper managed-to-native) System.Reflection.MonoMethod.InternalInvoke(System.Reflection.MonoMethod,object,object[],System.Exception&)
  at System.Reflection.MonoMethod.Invoke (System.Object obj, System.Reflection.BindingFlags invokeAttr, System.Reflection.Binder binder, System.Object[] parameters, System.Globalization.CultureInfo culture) [0x00032] in <695d1cc93cca45069c528c15c9fdd749>:0 
   --- End of inner exception stack trace ---
  at System.Reflection.MonoMethod.Invoke (System.Object obj, System.Reflection.BindingFlags invokeAttr, System.Reflection.Binder binder, System.Object[] parameters, System.Globalization.CultureInfo culture) [0x00048] in <695d1cc93cca45069c528c15c9fdd749>:0 
  at System.Reflection.MethodBase.Invoke (System.Object obj, System.Object[] parameters) [0x00000] in <695d1cc93cca45069c528c15c9fdd749>:0 
  at UnityEditor.EditorAssemblies.ProcessInitializeOnLoadMethodAttributes () [0x00047] in <55729f52d042492e9efc384182ae2feb>:0 
UnityEngine.StackTraceUtility:ExtractStackTrace ()
UnityEngine.DebugLogHandler:LogFormat (UnityEngine.LogType,UnityEngine.Object,string,object[])
UnityEngine.Logger:Log (UnityEngine.LogType,object)
UnityEngine.Debug:LogError (object)
UnityEditor.EditorAssemblies:ProcessInitializeOnLoadMethodAttributes ()

Mono: successfully reloaded assembly
- Completed reload, in  3.767 seconds
Domain Reload Profiling:
	ReloadAssembly (3795ms)
		BeginReloadAssembly (621ms)
			ExecutionOrderSort (0ms)
			DisableScriptedObjects (17ms)
			BackupInstance (0ms)
			ReleaseScriptingObjects (0ms)
			CreateAndSetChildDomain (157ms)
		EndReloadAssembly (3021ms)
			LoadAssemblies (896ms)
			RebuildTransferFunctionScriptingTraits (0ms)
			SetupTypeCache (816ms)
			ReleaseScriptCaches (2ms)
			RebuildScriptCaches (91ms)
			SetupLoadedEditorAssemblies (1198ms)
				LogAssemblyErrors (0ms)
				InitializePlatformSupportModulesInManaged (17ms)
				SetLoadedEditorAssemblies (3ms)
				RefreshPlugins (5ms)
				BeforeProcessingInitializeOnLoad (229ms)
				ProcessInitializeOnLoadAttributes (758ms)
				ProcessInitializeOnLoadMethodAttributes (128ms)
				AfterProcessingInitializeOnLoad (58ms)
				EditorAssembliesLoaded (0ms)
			ExecutionOrderSort2 (0ms)
			AwakeInstancesAfterBackupRestoration (39ms)
Platform modules already initialized, skipping
Refreshing native plugins compatible for Editor in 0.97 ms, found 10 plugins.
Preloading 1 native plugins for Editor in 0.15 ms.
Unloading 2325 Unused Serialized files (Serialized files now loaded: 0)
System memory in use before: 112.5 MB.
System memory in use after: 112.7 MB.

Unloading 34 unused Assets to reduce memory usage. Loaded Objects now: 2827.
Total: 5.746800 ms (FindLiveObjects: 0.441100 ms CreateObjectMapping: 0.239900 ms MarkObjects: 4.998800 ms  DeleteObjects: 0.054200 ms)

AssetImportParameters requested are different than current active one (requested -> active):
  custom:framework-win-MediaFoundation: 216162199b28c13a410421893ffa2e32 -> 
  custom:video-decoder-ogg-theora: a1e56fd34408186e4bbccfd4996cb3dc -> 
  custom:container-muxer-webm: aa71ff27fc2769a1b78a27578f13a17b -> 
  custom:container-demuxer-webm: 4f35f7cbe854078d1ac9338744f61a02 -> 
  custom:container-demuxer-ogg: 62fdf1f143b41e24485cea50d1cbac27 -> 
  custom:video-encoder-webm-vp8: eb34c28f22e8b96e1ab97ce403110664 -> 
  custom:video-decoder-webm-vp8: 9c59270c3fd7afecdb556c50c9e8de78 -> 
  custom:audio-decoder-ogg-vorbis: bf7c407c2cedff20999df2af8eb42d56 -> 
  custom:audio-encoder-webm-vorbis: bf7c407c2cedff20999df2af8eb42d56 -> 
========================================================================
Received Import Request.
  Time since last request: 96.573849 seconds.
  path: Assets/Scenes/SampleScene.unity
  artifactKey: Guid(9fc0d4010bbf28b4594072e72b8655ab) Importer(815301076,1909f56bfc062723c751e8b465ee728b)
Start importing Assets/Scenes/SampleScene.unity using Guid(9fc0d4010bbf28b4594072e72b8655ab) Importer(815301076,1909f56bfc062723c751e8b465ee728b)  -> (artifact id: '1d437f98915ca2c7025d113c021b95db') in 0.041425 seconds 
  Import took 0.047871 seconds .

